
*** Running vivado
    with args -log division.vdi -applog -m64 -messageDb vivado.pb -mode batch -source division.tcl -notrace


****** Vivado v2015.4 (64-bit)
  **** SW Build 1412921 on Wed Nov 18 09:43:45 MST 2015
  **** IP Build 1412160 on Tue Nov 17 13:47:24 MST 2015
    ** Copyright 1986-2015 Xilinx, Inc. All Rights Reserved.

source division.tcl -notrace
Design is defaulting to srcset: sources_1
Design is defaulting to constrset: constrs_1
INFO: [Netlist 29-17] Analyzing 82 Unisim elements for replacement
INFO: [Netlist 29-28] Unisim Transformation completed in 0 CPU seconds
INFO: [Project 1-479] Netlist was created with Vivado 2015.4
INFO: [Device 21-403] Loading part xc7vx485tffg1157-1
INFO: [Project 1-570] Preparing netlist for logic optimization
INFO: [Opt 31-138] Pushed 0 inverter(s) to 0 load pin(s).
INFO: [Project 1-111] Unisim Transformation Summary:
No Unisim elements were transformed.

link_design: Time (s): cpu = 00:00:09 ; elapsed = 00:00:10 . Memory (MB): peak = 601.059 ; gain = 389.777
Command: opt_design
Attempting to get a license for feature 'Implementation' and/or device 'xc7vx485t'
INFO: [Common 17-349] Got license for feature 'Implementation' and/or device 'xc7vx485t'
Running DRC as a precondition to command opt_design

Starting DRC Task
INFO: [DRC 23-27] Running DRC with 2 threads
INFO: [Project 1-461] DRC finished with 0 Errors
INFO: [Project 1-462] Please refer to the DRC report (report_drc) for more information.

Time (s): cpu = 00:00:00 ; elapsed = 00:00:00.181 . Memory (MB): peak = 628.742 ; gain = 0.000
INFO: [Timing 38-35] Done setting XDC timing constraints.

Starting Logic Optimization Task
Implement Debug Cores | Checksum: 101db8c15

Phase 1 Retarget
INFO: [Opt 31-138] Pushed 0 inverter(s) to 0 load pin(s).
INFO: [Opt 31-49] Retargeted 0 cell(s).
Phase 1 Retarget | Checksum: 147c7cb8e

Time (s): cpu = 00:00:00 ; elapsed = 00:00:00.036 . Memory (MB): peak = 1204.777 ; gain = 0.000

Phase 2 Constant Propagation
INFO: [Opt 31-138] Pushed 0 inverter(s) to 0 load pin(s).
INFO: [Opt 31-10] Eliminated 0 cells.
Phase 2 Constant Propagation | Checksum: 147c7cb8e

Time (s): cpu = 00:00:00 ; elapsed = 00:00:00.049 . Memory (MB): peak = 1204.777 ; gain = 0.000

Phase 3 Sweep
INFO: [Opt 31-12] Eliminated 91 unconnected nets.
INFO: [Opt 31-11] Eliminated 0 unconnected cells.
Phase 3 Sweep | Checksum: 1bb25b0b4

Time (s): cpu = 00:00:00 ; elapsed = 00:00:00.076 . Memory (MB): peak = 1204.777 ; gain = 0.000

Starting Connectivity Check Task

Time (s): cpu = 00:00:00 ; elapsed = 00:00:00.001 . Memory (MB): peak = 1204.777 ; gain = 0.000
Ending Logic Optimization Task | Checksum: 1bb25b0b4

Time (s): cpu = 00:00:00 ; elapsed = 00:00:00.079 . Memory (MB): peak = 1204.777 ; gain = 0.000

Starting Power Optimization Task
INFO: [Pwropt 34-132] Skipping clock gating for clocks with a period < 2.00 ns.
Ending Power Optimization Task | Checksum: 1bb25b0b4

Time (s): cpu = 00:00:00 ; elapsed = 00:00:00.026 . Memory (MB): peak = 1204.777 ; gain = 0.000
INFO: [Common 17-83] Releasing license: Implementation
20 Infos, 0 Warnings, 0 Critical Warnings and 0 Errors encountered.
opt_design completed successfully
opt_design: Time (s): cpu = 00:00:16 ; elapsed = 00:00:17 . Memory (MB): peak = 1204.777 ; gain = 603.719
INFO: [DRC 23-27] Running DRC with 2 threads
INFO: [Coretcl 2-168] The results of DRC are in file E:/Courses/CA/Proje/Faze 2/Project-phase-2/divisor/project_1/project_1.runs/impl_1/division_drc_opted.rpt.
INFO: [Vivado_Tcl 4-424] Cannot write hardware definition file as there are no IPI block design hardware handoff files present
Command: place_design
Attempting to get a license for feature 'Implementation' and/or device 'xc7vx485t'
INFO: [Common 17-349] Got license for feature 'Implementation' and/or device 'xc7vx485t'
INFO: [DRC 23-27] Running DRC with 2 threads
INFO: [Vivado_Tcl 4-198] DRC finished with 0 Errors
INFO: [Vivado_Tcl 4-199] Please refer to the DRC report (report_drc) for more information.
Running DRC as a precondition to command place_design
INFO: [DRC 23-27] Running DRC with 2 threads
INFO: [Vivado_Tcl 4-198] DRC finished with 0 Errors
INFO: [Vivado_Tcl 4-199] Please refer to the DRC report (report_drc) for more information.

Starting Placer Task
INFO: [Place 30-611] Multithreading enabled for place_design using a maximum of 2 CPUs

Phase 1 Placer Initialization
Netlist sorting complete. Time (s): cpu = 00:00:00 ; elapsed = 00:00:00 . Memory (MB): peak = 1204.777 ; gain = 0.000
Netlist sorting complete. Time (s): cpu = 00:00:00 ; elapsed = 00:00:00.001 . Memory (MB): peak = 1204.777 ; gain = 0.000

Phase 1.1 IO Placement/ Clock Placement/ Build Placer Device

Phase 1.1.1 Pre-Place Cells
Phase 1.1.1 Pre-Place Cells | Checksum: 00000000

Time (s): cpu = 00:00:00 ; elapsed = 00:00:00.206 . Memory (MB): peak = 1204.777 ; gain = 0.000
INFO: [Timing 38-35] Done setting XDC timing constraints.

Phase 1.1.2 IO and Clk Clean Up
Phase 1.1.2 IO and Clk Clean Up | Checksum: 00000000

Time (s): cpu = 00:00:03 ; elapsed = 00:00:02 . Memory (MB): peak = 1237.230 ; gain = 32.453

Phase 1.1.3 Implementation Feasibility check On IDelay
Phase 1.1.3 Implementation Feasibility check On IDelay | Checksum: 00000000

Time (s): cpu = 00:00:03 ; elapsed = 00:00:02 . Memory (MB): peak = 1237.230 ; gain = 32.453

Phase 1.1.4 Commit IO Placement
Phase 1.1.4 Commit IO Placement | Checksum: c1517f1d

Time (s): cpu = 00:00:03 ; elapsed = 00:00:02 . Memory (MB): peak = 1237.230 ; gain = 32.453
Phase 1.1 IO Placement/ Clock Placement/ Build Placer Device | Checksum: effb79c5

Time (s): cpu = 00:00:03 ; elapsed = 00:00:02 . Memory (MB): peak = 1237.230 ; gain = 32.453

Phase 1.2 Build Placer Netlist Model

Phase 1.2.1 Place Init Design
Phase 1.2.1 Place Init Design | Checksum: 120377afd

Time (s): cpu = 00:00:03 ; elapsed = 00:00:03 . Memory (MB): peak = 1237.230 ; gain = 32.453
Phase 1.2 Build Placer Netlist Model | Checksum: 120377afd

Time (s): cpu = 00:00:03 ; elapsed = 00:00:03 . Memory (MB): peak = 1237.230 ; gain = 32.453

Phase 1.3 Constrain Clocks/Macros

Phase 1.3.1 Constrain Global/Regional Clocks
Phase 1.3.1 Constrain Global/Regional Clocks | Checksum: 120377afd

Time (s): cpu = 00:00:03 ; elapsed = 00:00:03 . Memory (MB): peak = 1237.230 ; gain = 32.453
Phase 1.3 Constrain Clocks/Macros | Checksum: 120377afd

Time (s): cpu = 00:00:03 ; elapsed = 00:00:03 . Memory (MB): peak = 1237.230 ; gain = 32.453
Phase 1 Placer Initialization | Checksum: 120377afd

Time (s): cpu = 00:00:03 ; elapsed = 00:00:03 . Memory (MB): peak = 1237.230 ; gain = 32.453

Phase 2 Global Placement
Phase 2 Global Placement | Checksum: f900e4f6

Time (s): cpu = 00:00:05 ; elapsed = 00:00:04 . Memory (MB): peak = 1237.230 ; gain = 32.453

Phase 3 Detail Placement

Phase 3.1 Commit Multi Column Macros
Phase 3.1 Commit Multi Column Macros | Checksum: f900e4f6

Time (s): cpu = 00:00:05 ; elapsed = 00:00:04 . Memory (MB): peak = 1237.230 ; gain = 32.453

Phase 3.2 Commit Most Macros & LUTRAMs
Phase 3.2 Commit Most Macros & LUTRAMs | Checksum: 1ff4da4da

Time (s): cpu = 00:00:05 ; elapsed = 00:00:04 . Memory (MB): peak = 1237.230 ; gain = 32.453

Phase 3.3 Area Swap Optimization
Phase 3.3 Area Swap Optimization | Checksum: 13f44c3ab

Time (s): cpu = 00:00:05 ; elapsed = 00:00:04 . Memory (MB): peak = 1237.230 ; gain = 32.453

Phase 3.4 Small Shape Detail Placement

Phase 3.4.1 Commit Small Macros and Core Logic

Phase 3.4.1.1 Commit Slice Clusters
Phase 3.4.1.1 Commit Slice Clusters | Checksum: 9d12220e

Time (s): cpu = 00:00:06 ; elapsed = 00:00:05 . Memory (MB): peak = 1237.230 ; gain = 32.453
Phase 3.4.1 Commit Small Macros and Core Logic | Checksum: 9d12220e

Time (s): cpu = 00:00:06 ; elapsed = 00:00:05 . Memory (MB): peak = 1237.230 ; gain = 32.453

Phase 3.4.2 Clock Restriction Legalization for Leaf Columns
Phase 3.4.2 Clock Restriction Legalization for Leaf Columns | Checksum: 9d12220e

Time (s): cpu = 00:00:06 ; elapsed = 00:00:05 . Memory (MB): peak = 1237.230 ; gain = 32.453

Phase 3.4.3 Clock Restriction Legalization for Non-Clock Pins
Phase 3.4.3 Clock Restriction Legalization for Non-Clock Pins | Checksum: 9d12220e

Time (s): cpu = 00:00:06 ; elapsed = 00:00:05 . Memory (MB): peak = 1237.230 ; gain = 32.453
Phase 3.4 Small Shape Detail Placement | Checksum: 9d12220e

Time (s): cpu = 00:00:06 ; elapsed = 00:00:05 . Memory (MB): peak = 1237.230 ; gain = 32.453

Phase 3.5 Re-assign LUT pins
Phase 3.5 Re-assign LUT pins | Checksum: 9d12220e

Time (s): cpu = 00:00:06 ; elapsed = 00:00:05 . Memory (MB): peak = 1237.230 ; gain = 32.453
Phase 3 Detail Placement | Checksum: 9d12220e

Time (s): cpu = 00:00:06 ; elapsed = 00:00:05 . Memory (MB): peak = 1237.230 ; gain = 32.453

Phase 4 Post Placement Optimization and Clean-Up

Phase 4.1 Post Commit Optimization
Phase 4.1 Post Commit Optimization | Checksum: 9d12220e

Time (s): cpu = 00:00:06 ; elapsed = 00:00:05 . Memory (MB): peak = 1237.230 ; gain = 32.453

Phase 4.2 Sweep Clock Roots: Post-Placement
Phase 4.2 Sweep Clock Roots: Post-Placement | Checksum: 9d12220e

Time (s): cpu = 00:00:06 ; elapsed = 00:00:05 . Memory (MB): peak = 1237.230 ; gain = 32.453

Phase 4.3 Post Placement Cleanup
Phase 4.3 Post Placement Cleanup | Checksum: 9d12220e

Time (s): cpu = 00:00:06 ; elapsed = 00:00:05 . Memory (MB): peak = 1237.230 ; gain = 32.453

Phase 4.4 Placer Reporting
Phase 4.4 Placer Reporting | Checksum: 9d12220e

Time (s): cpu = 00:00:06 ; elapsed = 00:00:05 . Memory (MB): peak = 1237.230 ; gain = 32.453

Phase 4.5 Final Placement Cleanup
Phase 4.5 Final Placement Cleanup | Checksum: 1182215e3

Time (s): cpu = 00:00:06 ; elapsed = 00:00:05 . Memory (MB): peak = 1237.230 ; gain = 32.453
Phase 4 Post Placement Optimization and Clean-Up | Checksum: 1182215e3

Time (s): cpu = 00:00:06 ; elapsed = 00:00:05 . Memory (MB): peak = 1237.230 ; gain = 32.453
Ending Placer Task | Checksum: ef062c12

Time (s): cpu = 00:00:06 ; elapsed = 00:00:05 . Memory (MB): peak = 1237.230 ; gain = 32.453
INFO: [Common 17-83] Releasing license: Implementation
33 Infos, 0 Warnings, 0 Critical Warnings and 0 Errors encountered.
place_design completed successfully
place_design: Time (s): cpu = 00:00:07 ; elapsed = 00:00:06 . Memory (MB): peak = 1237.230 ; gain = 32.453
Writing placer database...
Writing XDEF routing.
Writing XDEF routing logical nets.
Writing XDEF routing special nets.
Write XDEF Complete: Time (s): cpu = 00:00:00 ; elapsed = 00:00:00.251 . Memory (MB): peak = 1237.230 ; gain = 0.000
report_io: Time (s): cpu = 00:00:00 ; elapsed = 00:00:00.143 . Memory (MB): peak = 1237.230 ; gain = 0.000
report_utilization: Time (s): cpu = 00:00:00 ; elapsed = 00:00:00.076 . Memory (MB): peak = 1237.230 ; gain = 0.000
report_control_sets: Time (s): cpu = 00:00:00 ; elapsed = 00:00:00.006 . Memory (MB): peak = 1237.230 ; gain = 0.000
Command: route_design
Attempting to get a license for feature 'Implementation' and/or device 'xc7vx485t'
INFO: [Common 17-349] Got license for feature 'Implementation' and/or device 'xc7vx485t'
Running DRC as a precondition to command route_design
INFO: [DRC 23-27] Running DRC with 2 threads
INFO: [Vivado_Tcl 4-198] DRC finished with 0 Errors
INFO: [Vivado_Tcl 4-199] Please refer to the DRC report (report_drc) for more information.


Starting Routing Task
INFO: [Route 35-254] Multithreading enabled for route_design using a maximum of 2 CPUs
Checksum: PlaceDB: 454c3d95 ConstDB: 0 ShapeSum: a9b9ee7d RouteDB: 0

Phase 1 Build RT Design
Using Offlined NodeGraph Builder
Phase 1 Build RT Design | Checksum: 1ba63b7f5

Time (s): cpu = 00:00:58 ; elapsed = 00:00:38 . Memory (MB): peak = 1601.867 ; gain = 364.637

Phase 2 Router Initialization
INFO: [Route 35-64] No timing constraints were detected. The router will operate in resource-optimization mode.

Phase 2.1 Pre Route Cleanup
Phase 2.1 Pre Route Cleanup | Checksum: 1ba63b7f5

Time (s): cpu = 00:00:58 ; elapsed = 00:00:38 . Memory (MB): peak = 1604.555 ; gain = 367.324
 Number of Nodes with overlaps = 0
Phase 2 Router Initialization | Checksum: 74d8539f

Time (s): cpu = 00:00:59 ; elapsed = 00:00:39 . Memory (MB): peak = 1666.207 ; gain = 428.977

Phase 3 Initial Routing
Phase 3 Initial Routing | Checksum: 12635d487

Time (s): cpu = 00:01:00 ; elapsed = 00:00:40 . Memory (MB): peak = 1666.207 ; gain = 428.977

Phase 4 Rip-up And Reroute

Phase 4.1 Global Iteration 0
 Number of Nodes with overlaps = 20
 Number of Nodes with overlaps = 0
Phase 4.1 Global Iteration 0 | Checksum: abb27ce8

Time (s): cpu = 00:01:00 ; elapsed = 00:00:40 . Memory (MB): peak = 1666.207 ; gain = 428.977
Phase 4 Rip-up And Reroute | Checksum: abb27ce8

Time (s): cpu = 00:01:00 ; elapsed = 00:00:40 . Memory (MB): peak = 1666.207 ; gain = 428.977

Phase 5 Delay and Skew Optimization
Phase 5 Delay and Skew Optimization | Checksum: abb27ce8

Time (s): cpu = 00:01:00 ; elapsed = 00:00:40 . Memory (MB): peak = 1666.207 ; gain = 428.977

Phase 6 Post Hold Fix
Phase 6 Post Hold Fix | Checksum: abb27ce8

Time (s): cpu = 00:01:00 ; elapsed = 00:00:40 . Memory (MB): peak = 1666.207 ; gain = 428.977

Phase 7 Route finalize

Router Utilization Summary
  Global Vertical Routing Utilization    = 0.0205205 %
  Global Horizontal Routing Utilization  = 0.0106209 %
  Routable Net Status*
  *Does not include unroutable nets such as driverless and loadless.
  Run report_route_status for detailed report.
  Number of Failed Nets               = 0
  Number of Unrouted Nets             = 0
  Number of Partially Routed Nets     = 0
  Number of Node Overlaps             = 0

Congestion Report
North Dir 1x1 Area, Max Cong = 16.2162%, No Congested Regions.
South Dir 1x1 Area, Max Cong = 32.4324%, No Congested Regions.
East Dir 1x1 Area, Max Cong = 22.0588%, No Congested Regions.
West Dir 1x1 Area, Max Cong = 17.6471%, No Congested Regions.
Phase 7 Route finalize | Checksum: abb27ce8

Time (s): cpu = 00:01:01 ; elapsed = 00:00:40 . Memory (MB): peak = 1666.207 ; gain = 428.977

Phase 8 Verifying routed nets

 Verification completed successfully
Phase 8 Verifying routed nets | Checksum: abb27ce8

Time (s): cpu = 00:01:01 ; elapsed = 00:00:40 . Memory (MB): peak = 1666.207 ; gain = 428.977

Phase 9 Depositing Routes
Phase 9 Depositing Routes | Checksum: b4e14ef0

Time (s): cpu = 00:01:01 ; elapsed = 00:00:40 . Memory (MB): peak = 1666.207 ; gain = 428.977
INFO: [Route 35-16] Router Completed Successfully

Time (s): cpu = 00:01:01 ; elapsed = 00:00:40 . Memory (MB): peak = 1666.207 ; gain = 428.977

Routing Is Done.
INFO: [Common 17-83] Releasing license: Implementation
41 Infos, 0 Warnings, 0 Critical Warnings and 0 Errors encountered.
route_design completed successfully
route_design: Time (s): cpu = 00:01:02 ; elapsed = 00:00:41 . Memory (MB): peak = 1666.207 ; gain = 428.977
Writing placer database...
Writing XDEF routing.
Writing XDEF routing logical nets.
Writing XDEF routing special nets.
Write XDEF Complete: Time (s): cpu = 00:00:00 ; elapsed = 00:00:00.272 . Memory (MB): peak = 1666.207 ; gain = 0.000
INFO: [DRC 23-27] Running DRC with 2 threads
INFO: [Coretcl 2-168] The results of DRC are in file E:/Courses/CA/Proje/Faze 2/Project-phase-2/divisor/project_1/project_1.runs/impl_1/division_drc_routed.rpt.
INFO: [Timing 38-91] UpdateTimingParams: Speed grade: -1, Delay Type: min_max.
INFO: [Timing 38-191] Multithreading enabled for timing update using a maximum of 2 CPUs
WARNING: [Timing 38-313] There are no user specified timing constraints. Timing constraints are needed for proper timing analysis.
WARNING: [Power 33-232] No user defined clocks were found in the design!
Resolution: Please specify clocks using create_clock/create_generated_clock for sequential elements. For pure combinatorial circuits, please specify a virtual clock, otherwise the vectorless estimation might be inaccurate
Running Vector-less Activity Propagation...

Finished Running Vector-less Activity Propagation
INFO: [Common 17-206] Exiting Vivado at Wed Dec 26 10:23:12 2018...

*** Running vivado
    with args -log division.vdi -applog -m64 -messageDb vivado.pb -mode batch -source division.tcl -notrace


****** Vivado v2015.4 (64-bit)
  **** SW Build 1412921 on Wed Nov 18 09:43:45 MST 2015
  **** IP Build 1412160 on Tue Nov 17 13:47:24 MST 2015
    ** Copyright 1986-2015 Xilinx, Inc. All Rights Reserved.

source division.tcl -notrace
Design is defaulting to srcset: sources_1
Design is defaulting to constrset: constrs_1
INFO: [Netlist 29-17] Analyzing 82 Unisim elements for replacement
INFO: [Netlist 29-28] Unisim Transformation completed in 0 CPU seconds
INFO: [Project 1-479] Netlist was created with Vivado 2015.4
INFO: [Device 21-403] Loading part xc7vx485tffg1157-1
INFO: [Project 1-570] Preparing netlist for logic optimization
INFO: [Opt 31-138] Pushed 0 inverter(s) to 0 load pin(s).
INFO: [Project 1-111] Unisim Transformation Summary:
No Unisim elements were transformed.

link_design: Time (s): cpu = 00:00:10 ; elapsed = 00:00:10 . Memory (MB): peak = 600.211 ; gain = 388.922
Command: opt_design
Attempting to get a license for feature 'Implementation' and/or device 'xc7vx485t'
INFO: [Common 17-349] Got license for feature 'Implementation' and/or device 'xc7vx485t'
Running DRC as a precondition to command opt_design

Starting DRC Task
INFO: [DRC 23-27] Running DRC with 2 threads
INFO: [Project 1-461] DRC finished with 0 Errors
INFO: [Project 1-462] Please refer to the DRC report (report_drc) for more information.

Time (s): cpu = 00:00:00 ; elapsed = 00:00:00.078 . Memory (MB): peak = 627.895 ; gain = 0.000
INFO: [Timing 38-35] Done setting XDC timing constraints.

Starting Logic Optimization Task
Implement Debug Cores | Checksum: 101db8c15

Phase 1 Retarget
INFO: [Opt 31-138] Pushed 0 inverter(s) to 0 load pin(s).
INFO: [Opt 31-49] Retargeted 0 cell(s).
Phase 1 Retarget | Checksum: 147c7cb8e

Time (s): cpu = 00:00:00 ; elapsed = 00:00:00.055 . Memory (MB): peak = 1205.000 ; gain = 0.000

Phase 2 Constant Propagation
INFO: [Opt 31-138] Pushed 0 inverter(s) to 0 load pin(s).
INFO: [Opt 31-10] Eliminated 0 cells.
Phase 2 Constant Propagation | Checksum: 147c7cb8e

Time (s): cpu = 00:00:00 ; elapsed = 00:00:00.072 . Memory (MB): peak = 1205.000 ; gain = 0.000

Phase 3 Sweep
INFO: [Opt 31-12] Eliminated 91 unconnected nets.
INFO: [Opt 31-11] Eliminated 0 unconnected cells.
Phase 3 Sweep | Checksum: 1bb25b0b4

Time (s): cpu = 00:00:00 ; elapsed = 00:00:00.111 . Memory (MB): peak = 1205.000 ; gain = 0.000

Starting Connectivity Check Task

Time (s): cpu = 00:00:00 ; elapsed = 00:00:00.002 . Memory (MB): peak = 1205.000 ; gain = 0.000
Ending Logic Optimization Task | Checksum: 1bb25b0b4

Time (s): cpu = 00:00:00 ; elapsed = 00:00:00.115 . Memory (MB): peak = 1205.000 ; gain = 0.000

Starting Power Optimization Task
INFO: [Pwropt 34-132] Skipping clock gating for clocks with a period < 2.00 ns.
Ending Power Optimization Task | Checksum: 1bb25b0b4

Time (s): cpu = 00:00:00 ; elapsed = 00:00:00.008 . Memory (MB): peak = 1205.000 ; gain = 0.000
INFO: [Common 17-83] Releasing license: Implementation
20 Infos, 0 Warnings, 0 Critical Warnings and 0 Errors encountered.
opt_design completed successfully
opt_design: Time (s): cpu = 00:00:16 ; elapsed = 00:00:16 . Memory (MB): peak = 1205.000 ; gain = 604.789
INFO: [DRC 23-27] Running DRC with 2 threads
INFO: [Coretcl 2-168] The results of DRC are in file E:/Courses/CA/Proje/Faze 2/Project-phase-2/divisor/project_1/project_1.runs/impl_1/division_drc_opted.rpt.
INFO: [Vivado_Tcl 4-424] Cannot write hardware definition file as there are no IPI block design hardware handoff files present
Command: place_design
Attempting to get a license for feature 'Implementation' and/or device 'xc7vx485t'
INFO: [Common 17-349] Got license for feature 'Implementation' and/or device 'xc7vx485t'
INFO: [DRC 23-27] Running DRC with 2 threads
INFO: [Vivado_Tcl 4-198] DRC finished with 0 Errors
INFO: [Vivado_Tcl 4-199] Please refer to the DRC report (report_drc) for more information.
Running DRC as a precondition to command place_design
INFO: [DRC 23-27] Running DRC with 2 threads
INFO: [Vivado_Tcl 4-198] DRC finished with 0 Errors
INFO: [Vivado_Tcl 4-199] Please refer to the DRC report (report_drc) for more information.

Starting Placer Task
INFO: [Place 30-611] Multithreading enabled for place_design using a maximum of 2 CPUs

Phase 1 Placer Initialization
Netlist sorting complete. Time (s): cpu = 00:00:00 ; elapsed = 00:00:00.001 . Memory (MB): peak = 1205.000 ; gain = 0.000
Netlist sorting complete. Time (s): cpu = 00:00:00 ; elapsed = 00:00:00.001 . Memory (MB): peak = 1205.000 ; gain = 0.000

Phase 1.1 IO Placement/ Clock Placement/ Build Placer Device

Phase 1.1.1 Pre-Place Cells
Phase 1.1.1 Pre-Place Cells | Checksum: 00000000

Time (s): cpu = 00:00:01 ; elapsed = 00:00:00.175 . Memory (MB): peak = 1205.000 ; gain = 0.000
INFO: [Timing 38-35] Done setting XDC timing constraints.

Phase 1.1.2 IO and Clk Clean Up
Phase 1.1.2 IO and Clk Clean Up | Checksum: 00000000

Time (s): cpu = 00:00:05 ; elapsed = 00:00:03 . Memory (MB): peak = 1239.824 ; gain = 34.824

Phase 1.1.3 Implementation Feasibility check On IDelay
Phase 1.1.3 Implementation Feasibility check On IDelay | Checksum: 00000000

Time (s): cpu = 00:00:05 ; elapsed = 00:00:03 . Memory (MB): peak = 1239.824 ; gain = 34.824

Phase 1.1.4 Commit IO Placement
Phase 1.1.4 Commit IO Placement | Checksum: c1517f1d

Time (s): cpu = 00:00:05 ; elapsed = 00:00:03 . Memory (MB): peak = 1239.824 ; gain = 34.824
Phase 1.1 IO Placement/ Clock Placement/ Build Placer Device | Checksum: effb79c5

Time (s): cpu = 00:00:05 ; elapsed = 00:00:03 . Memory (MB): peak = 1239.824 ; gain = 34.824

Phase 1.2 Build Placer Netlist Model

Phase 1.2.1 Place Init Design
Phase 1.2.1 Place Init Design | Checksum: 120377afd

Time (s): cpu = 00:00:05 ; elapsed = 00:00:03 . Memory (MB): peak = 1239.824 ; gain = 34.824
Phase 1.2 Build Placer Netlist Model | Checksum: 120377afd

Time (s): cpu = 00:00:05 ; elapsed = 00:00:03 . Memory (MB): peak = 1239.824 ; gain = 34.824

Phase 1.3 Constrain Clocks/Macros

Phase 1.3.1 Constrain Global/Regional Clocks
Phase 1.3.1 Constrain Global/Regional Clocks | Checksum: 120377afd

Time (s): cpu = 00:00:05 ; elapsed = 00:00:03 . Memory (MB): peak = 1239.824 ; gain = 34.824
Phase 1.3 Constrain Clocks/Macros | Checksum: 120377afd

Time (s): cpu = 00:00:05 ; elapsed = 00:00:03 . Memory (MB): peak = 1239.824 ; gain = 34.824
Phase 1 Placer Initialization | Checksum: 120377afd

Time (s): cpu = 00:00:05 ; elapsed = 00:00:03 . Memory (MB): peak = 1239.824 ; gain = 34.824

Phase 2 Global Placement
Phase 2 Global Placement | Checksum: f900e4f6

Time (s): cpu = 00:00:07 ; elapsed = 00:00:05 . Memory (MB): peak = 1239.824 ; gain = 34.824

Phase 3 Detail Placement

Phase 3.1 Commit Multi Column Macros
Phase 3.1 Commit Multi Column Macros | Checksum: f900e4f6

Time (s): cpu = 00:00:07 ; elapsed = 00:00:05 . Memory (MB): peak = 1239.824 ; gain = 34.824

Phase 3.2 Commit Most Macros & LUTRAMs
Phase 3.2 Commit Most Macros & LUTRAMs | Checksum: 1ff4da4da

Time (s): cpu = 00:00:07 ; elapsed = 00:00:05 . Memory (MB): peak = 1239.824 ; gain = 34.824

Phase 3.3 Area Swap Optimization
Phase 3.3 Area Swap Optimization | Checksum: 13f44c3ab

Time (s): cpu = 00:00:07 ; elapsed = 00:00:05 . Memory (MB): peak = 1239.824 ; gain = 34.824

Phase 3.4 Small Shape Detail Placement

Phase 3.4.1 Commit Small Macros and Core Logic

Phase 3.4.1.1 Commit Slice Clusters
Phase 3.4.1.1 Commit Slice Clusters | Checksum: 9d12220e

Time (s): cpu = 00:00:08 ; elapsed = 00:00:06 . Memory (MB): peak = 1239.824 ; gain = 34.824
Phase 3.4.1 Commit Small Macros and Core Logic | Checksum: 9d12220e

Time (s): cpu = 00:00:08 ; elapsed = 00:00:06 . Memory (MB): peak = 1239.824 ; gain = 34.824

Phase 3.4.2 Clock Restriction Legalization for Leaf Columns
Phase 3.4.2 Clock Restriction Legalization for Leaf Columns | Checksum: 9d12220e

Time (s): cpu = 00:00:08 ; elapsed = 00:00:06 . Memory (MB): peak = 1239.824 ; gain = 34.824

Phase 3.4.3 Clock Restriction Legalization for Non-Clock Pins
Phase 3.4.3 Clock Restriction Legalization for Non-Clock Pins | Checksum: 9d12220e

Time (s): cpu = 00:00:08 ; elapsed = 00:00:06 . Memory (MB): peak = 1239.824 ; gain = 34.824
Phase 3.4 Small Shape Detail Placement | Checksum: 9d12220e

Time (s): cpu = 00:00:08 ; elapsed = 00:00:06 . Memory (MB): peak = 1239.824 ; gain = 34.824

Phase 3.5 Re-assign LUT pins
Phase 3.5 Re-assign LUT pins | Checksum: 9d12220e

Time (s): cpu = 00:00:08 ; elapsed = 00:00:06 . Memory (MB): peak = 1239.824 ; gain = 34.824
Phase 3 Detail Placement | Checksum: 9d12220e

Time (s): cpu = 00:00:08 ; elapsed = 00:00:06 . Memory (MB): peak = 1239.824 ; gain = 34.824

Phase 4 Post Placement Optimization and Clean-Up

Phase 4.1 Post Commit Optimization
Phase 4.1 Post Commit Optimization | Checksum: 9d12220e

Time (s): cpu = 00:00:08 ; elapsed = 00:00:06 . Memory (MB): peak = 1239.824 ; gain = 34.824

Phase 4.2 Sweep Clock Roots: Post-Placement
Phase 4.2 Sweep Clock Roots: Post-Placement | Checksum: 9d12220e

Time (s): cpu = 00:00:08 ; elapsed = 00:00:06 . Memory (MB): peak = 1239.824 ; gain = 34.824

Phase 4.3 Post Placement Cleanup
Phase 4.3 Post Placement Cleanup | Checksum: 9d12220e

Time (s): cpu = 00:00:08 ; elapsed = 00:00:06 . Memory (MB): peak = 1239.824 ; gain = 34.824

Phase 4.4 Placer Reporting
Phase 4.4 Placer Reporting | Checksum: 9d12220e

Time (s): cpu = 00:00:08 ; elapsed = 00:00:06 . Memory (MB): peak = 1239.824 ; gain = 34.824

Phase 4.5 Final Placement Cleanup
Phase 4.5 Final Placement Cleanup | Checksum: 1182215e3

Time (s): cpu = 00:00:08 ; elapsed = 00:00:06 . Memory (MB): peak = 1239.824 ; gain = 34.824
Phase 4 Post Placement Optimization and Clean-Up | Checksum: 1182215e3

Time (s): cpu = 00:00:08 ; elapsed = 00:00:06 . Memory (MB): peak = 1239.824 ; gain = 34.824
Ending Placer Task | Checksum: ef062c12

Time (s): cpu = 00:00:08 ; elapsed = 00:00:06 . Memory (MB): peak = 1239.824 ; gain = 34.824
INFO: [Common 17-83] Releasing license: Implementation
33 Infos, 0 Warnings, 0 Critical Warnings and 0 Errors encountered.
place_design completed successfully
place_design: Time (s): cpu = 00:00:08 ; elapsed = 00:00:07 . Memory (MB): peak = 1239.824 ; gain = 34.824
Writing placer database...
Writing XDEF routing.
Writing XDEF routing logical nets.
Writing XDEF routing special nets.
Write XDEF Complete: Time (s): cpu = 00:00:01 ; elapsed = 00:00:00.189 . Memory (MB): peak = 1239.824 ; gain = 0.000
report_io: Time (s): cpu = 00:00:00 ; elapsed = 00:00:00.145 . Memory (MB): peak = 1239.824 ; gain = 0.000
report_utilization: Time (s): cpu = 00:00:00 ; elapsed = 00:00:00.083 . Memory (MB): peak = 1239.824 ; gain = 0.000
report_control_sets: Time (s): cpu = 00:00:00 ; elapsed = 00:00:00.009 . Memory (MB): peak = 1239.824 ; gain = 0.000
Command: route_design
Attempting to get a license for feature 'Implementation' and/or device 'xc7vx485t'
INFO: [Common 17-349] Got license for feature 'Implementation' and/or device 'xc7vx485t'
Running DRC as a precondition to command route_design
INFO: [DRC 23-27] Running DRC with 2 threads
INFO: [Vivado_Tcl 4-198] DRC finished with 0 Errors
INFO: [Vivado_Tcl 4-199] Please refer to the DRC report (report_drc) for more information.


Starting Routing Task
INFO: [Route 35-254] Multithreading enabled for route_design using a maximum of 2 CPUs
Checksum: PlaceDB: 454c3d95 ConstDB: 0 ShapeSum: a9b9ee7d RouteDB: 0

Phase 1 Build RT Design
Using Offlined NodeGraph Builder
Phase 1 Build RT Design | Checksum: 1ba63b7f5

Time (s): cpu = 00:01:01 ; elapsed = 00:00:40 . Memory (MB): peak = 1601.988 ; gain = 362.164

Phase 2 Router Initialization
INFO: [Route 35-64] No timing constraints were detected. The router will operate in resource-optimization mode.

Phase 2.1 Pre Route Cleanup
Phase 2.1 Pre Route Cleanup | Checksum: 1ba63b7f5

Time (s): cpu = 00:01:02 ; elapsed = 00:00:40 . Memory (MB): peak = 1604.547 ; gain = 364.723
 Number of Nodes with overlaps = 0
Phase 2 Router Initialization | Checksum: 74d8539f

Time (s): cpu = 00:01:03 ; elapsed = 00:00:42 . Memory (MB): peak = 1663.355 ; gain = 423.531

Phase 3 Initial Routing
Phase 3 Initial Routing | Checksum: 12635d487

Time (s): cpu = 00:01:04 ; elapsed = 00:00:42 . Memory (MB): peak = 1663.355 ; gain = 423.531

Phase 4 Rip-up And Reroute

Phase 4.1 Global Iteration 0
 Number of Nodes with overlaps = 20
 Number of Nodes with overlaps = 0
Phase 4.1 Global Iteration 0 | Checksum: abb27ce8

Time (s): cpu = 00:01:04 ; elapsed = 00:00:42 . Memory (MB): peak = 1663.355 ; gain = 423.531
Phase 4 Rip-up And Reroute | Checksum: abb27ce8

Time (s): cpu = 00:01:04 ; elapsed = 00:00:42 . Memory (MB): peak = 1663.355 ; gain = 423.531

Phase 5 Delay and Skew Optimization
Phase 5 Delay and Skew Optimization | Checksum: abb27ce8

Time (s): cpu = 00:01:04 ; elapsed = 00:00:42 . Memory (MB): peak = 1663.355 ; gain = 423.531

Phase 6 Post Hold Fix
Phase 6 Post Hold Fix | Checksum: abb27ce8

Time (s): cpu = 00:01:04 ; elapsed = 00:00:42 . Memory (MB): peak = 1663.355 ; gain = 423.531

Phase 7 Route finalize

Router Utilization Summary
  Global Vertical Routing Utilization    = 0.0205205 %
  Global Horizontal Routing Utilization  = 0.0106209 %
  Routable Net Status*
  *Does not include unroutable nets such as driverless and loadless.
  Run report_route_status for detailed report.
  Number of Failed Nets               = 0
  Number of Unrouted Nets             = 0
  Number of Partially Routed Nets     = 0
  Number of Node Overlaps             = 0

Congestion Report
North Dir 1x1 Area, Max Cong = 16.2162%, No Congested Regions.
South Dir 1x1 Area, Max Cong = 32.4324%, No Congested Regions.
East Dir 1x1 Area, Max Cong = 22.0588%, No Congested Regions.
West Dir 1x1 Area, Max Cong = 17.6471%, No Congested Regions.
Phase 7 Route finalize | Checksum: abb27ce8

Time (s): cpu = 00:01:04 ; elapsed = 00:00:42 . Memory (MB): peak = 1663.355 ; gain = 423.531

Phase 8 Verifying routed nets

 Verification completed successfully
Phase 8 Verifying routed nets | Checksum: abb27ce8

Time (s): cpu = 00:01:04 ; elapsed = 00:00:42 . Memory (MB): peak = 1663.355 ; gain = 423.531

Phase 9 Depositing Routes
Phase 9 Depositing Routes | Checksum: b4e14ef0

Time (s): cpu = 00:01:04 ; elapsed = 00:00:42 . Memory (MB): peak = 1663.355 ; gain = 423.531
INFO: [Route 35-16] Router Completed Successfully

Time (s): cpu = 00:01:04 ; elapsed = 00:00:42 . Memory (MB): peak = 1663.355 ; gain = 423.531

Routing Is Done.
INFO: [Common 17-83] Releasing license: Implementation
41 Infos, 0 Warnings, 0 Critical Warnings and 0 Errors encountered.
route_design completed successfully
route_design: Time (s): cpu = 00:01:05 ; elapsed = 00:00:43 . Memory (MB): peak = 1663.355 ; gain = 423.531
Writing placer database...
Writing XDEF routing.
Writing XDEF routing logical nets.
Writing XDEF routing special nets.
Write XDEF Complete: Time (s): cpu = 00:00:00 ; elapsed = 00:00:00.150 . Memory (MB): peak = 1663.355 ; gain = 0.000
INFO: [DRC 23-27] Running DRC with 2 threads
INFO: [Coretcl 2-168] The results of DRC are in file E:/Courses/CA/Proje/Faze 2/Project-phase-2/divisor/project_1/project_1.runs/impl_1/division_drc_routed.rpt.
INFO: [Timing 38-91] UpdateTimingParams: Speed grade: -1, Delay Type: min_max.
INFO: [Timing 38-191] Multithreading enabled for timing update using a maximum of 2 CPUs
WARNING: [Timing 38-313] There are no user specified timing constraints. Timing constraints are needed for proper timing analysis.
WARNING: [Power 33-232] No user defined clocks were found in the design!
Resolution: Please specify clocks using create_clock/create_generated_clock for sequential elements. For pure combinatorial circuits, please specify a virtual clock, otherwise the vectorless estimation might be inaccurate
Running Vector-less Activity Propagation...

Finished Running Vector-less Activity Propagation
INFO: [Common 17-206] Exiting Vivado at Wed Dec 26 10:25:10 2018...
